ZingMp3Downloader/proguard/seeds.txt
com.imusik.mp3.downloader.MainActivity
com.imusik.mp3.downloader.MainActivity: MainActivity()
com.imusik.mp3.downloader.PhoneReceiver
com.imusik.mp3.downloader.PhoneReceiver: PhoneReceiver()
com.imusik.mp3.downloader.PlayerService
com.imusik.mp3.downloader.PlayerService: PlayerService()
com.imusik.mp3.downloader.R$anim: int bottom_to_top
com.imusik.mp3.downloader.R$anim: int fade_in
com.imusik.mp3.downloader.R$anim: int fade_out
com.imusik.mp3.downloader.R$anim: int left_to_right_in
com.imusik.mp3.downloader.R$anim: int left_to_right_out
com.imusik.mp3.downloader.R$anim: int pop_in
com.imusik.mp3.downloader.R$anim: int pop_out
com.imusik.mp3.downloader.R$anim: int right_to_left_in
com.imusik.mp3.downloader.R$anim: int right_to_left_out
com.imusik.mp3.downloader.R$anim: int slide_up_in
com.imusik.mp3.downloader.R$anim: int slide_up_out
com.imusik.mp3.downloader.R$anim: int splash_out
com.imusik.mp3.downloader.R$anim: int tivi_close
com.imusik.mp3.downloader.R$anim: int tivi_open
com.imusik.mp3.downloader.R$anim: int top_to_bottom
com.imusik.mp3.downloader.R$anim: int zoom_in
com.imusik.mp3.downloader.R$attr: int adSize
com.imusik.mp3.downloader.R$attr: int adSizes
com.imusik.mp3.downloader.R$attr: int adUnitId
com.imusik.mp3.downloader.R$attr: int buyButtonAppearance
com.imusik.mp3.downloader.R$attr: int buyButtonHeight
com.imusik.mp3.downloader.R$attr: int buyButtonText
com.imusik.mp3.downloader.R$attr: int buyButtonWidth
com.imusik.mp3.downloader.R$attr: int cameraBearing
com.imusik.mp3.downloader.R$attr: int cameraTargetLat
com.imusik.mp3.downloader.R$attr: int cameraTargetLng
com.imusik.mp3.downloader.R$attr: int cameraTilt
com.imusik.mp3.downloader.R$attr: int cameraZoom
com.imusik.mp3.downloader.R$attr: int environment
com.imusik.mp3.downloader.R$attr: int fragmentMode
com.imusik.mp3.downloader.R$attr: int fragmentStyle
com.imusik.mp3.downloader.R$attr: int mapType
com.imusik.mp3.downloader.R$attr: int maskedWalletDetailsBackground
com.imusik.mp3.downloader.R$attr: int maskedWalletDetailsButtonBackground
com.imusik.mp3.downloader.R$attr: int maskedWalletDetailsButtonTextAppearance
com.imusik.mp3.downloader.R$attr: int maskedWalletDetailsHeaderTextAppearance
com.imusik.mp3.downloader.R$attr: int maskedWalletDetailsLogoImageType
com.imusik.mp3.downloader.R$attr: int maskedWalletDetailsLogoTextColor
com.imusik.mp3.downloader.R$attr: int maskedWalletDetailsTextAppearance
com.imusik.mp3.downloader.R$attr: int theme
com.imusik.mp3.downloader.R$attr: int uiCompass
com.imusik.mp3.downloader.R$attr: int uiRotateGestures
com.imusik.mp3.downloader.R$bool: int ga_autoActivityTracking
com.imusik.mp3.downloader.R$bool: int ga_reportUncaughtExceptions
...
android.support.v4.app.FragmentState
android.support.v4.app.FragmentState: android.os.Parcelable$Creator CREATOR
android.support.v4.app.FragmentTabHost: void setOnTabChangedListener(android.widget.TabHost$OnTabChangeListener)
android.support.v4.app.FragmentTabHost$SavedState
android.support.v4.app.FragmentTabHost$SavedState: android.os.Parcelable$Creator CREATOR
android.support.v4.content.ModernAsyncTask$Status: android.support.v4.content.ModernAsyncTask$Status[] values()
android.support.v4.content.ModernAsyncTask$Status: android.support.v4.content.ModernAsyncTask$Status valueOf(java.lang.String)
android.support.v4.content.WakefulBroadcastReceiver: WakefulBroadcastReceiver()
android.support.v4.view.PagerTabStrip: void setTabIndicatorColor(int)
android.support.v4.view.PagerTabStrip: void setTabIndicatorColorResource(int)
android.support.v4.view.PagerTabStrip: int getTabIndicatorColor()
android.support.v4.view.PagerTabStrip: void setTextSpacing(int)
android.support.v4.view.PagerTabStrip: void setBackgroundDrawable(android.graphics.drawable.Drawable)
android.support.v4.view.PagerTabStrip: void setBackgroundColor(int)
android.support.v4.view.PagerTabStrip: void setBackgroundResource(int)
android.support.v4.view.PagerTabStrip: void setDrawFullUnderline(boolean)
android.support.v4.view.PagerTabStrip: boolean getDrawFullUnderline()
android.support.v4.view.PagerTabStrip: int getMinHeight()
android.support.v4.view.PagerTitleStrip: void setSingleLineAllCaps(android.widget.TextView)
android.support.v4.view.PagerTitleStrip: void setTextSpacing(int)
android.support.v4.view.PagerTitleStrip: int getTextSpacing()
android.support.v4.view.PagerTitleStrip: void setNonPrimaryAlpha(float)
android.support.v4.view.PagerTitleStrip: void setTextColor(int)
android.support.v4.view.PagerTitleStrip: void setGravity(int)
android.support.v4.view.PagerTitleStrip: int getMinHeight()
android.support.v4.view.ViewPager: void setScrollState(int)
android.support.v4.view.ViewPager: void setAdapter(android.support.v4.view.PagerAdapter)
android.support.v4.view.ViewPager: android.support.v4.view.PagerAdapter getAdapter()
android.support.v4.view.ViewPager: void setOnAdapterChangeListener(android.support.v4.view.ViewPager$OnAdapterChangeListener)
android.support.v4.view.ViewPager: int getClientWidth()
android.support.v4.view.ViewPager: void setCurrentItem(int)
android.support.v4.view.ViewPager: int getCurrentItem()
android.support.v4.view.ViewPager: void setOnPageChangeListener(android.support.v4.view.ViewPager$OnPageChangeListener)
android.support.v4.view.ViewPager: void setChildrenDrawingOrderEnabledCompat(boolean)
android.support.v4.view.ViewPager: int getOffscreenPageLimit()
android.support.v4.view.ViewPager: void setOffscreenPageLimit(int)
android.support.v4.view.ViewPager: void setPageMargin(int)
android.support.v4.view.ViewPager: int getPageMargin()
android.support.v4.view.ViewPager: void setPageMarginDrawable(android.graphics.drawable.Drawable)
android.support.v4.view.ViewPager: void setPageMarginDrawable(int)
android.support.v4.view.ViewPager: void setScrollingCacheEnabled(boolean)
android.support.v4.view.ViewPager$SavedState
android.support.v4.view.ViewPager$SavedState: android.os.Parcelable$Creator CREATOR
android.support.v4.widget.DrawerLayout: void setScrimColor(int)
android.support.v4.widget.DrawerLayout: void setDrawerListener(android.support.v4.widget.DrawerLayout$DrawerListener)
android.support.v4.widget.DrawerLayout: void setDrawerLockMode(int)
android.support.v4.widget.DrawerLayout$SavedState
android.support.v4.widget.DrawerLayout$SavedState: android.os.Parcelable$Creator CREATOR