ZingMp3Downloader/proguard/mapping.txt
com.imusik.mp3.downloader.CustomPopupWindow -> com.imusik.mp3.downloader.a:
    39:66:void fixPopupWindow(android.widget.PopupWindow) -> a
com.imusik.mp3.downloader.CustomPopupWindow$1 -> com.imusik.mp3.downloader.a$1:
    com.imusik.mp3.downloader.CustomPopupWindow this$0 -> a
    java.lang.reflect.Field val$fAnchor -> b
    android.widget.PopupWindow val$window -> c
    android.view.ViewTreeObserver$OnScrollChangedListener val$originalListener -> d
    50:59:void onScrollChanged() -> onScrollChanged
com.imusik.mp3.downloader.MainActivity -> com.imusik.mp3.downloader.MainActivity:
    java.lang.String currentPlaylistAction -> a
    java.lang.String currentAddedSongId -> b
    java.lang.String searchText -> c
    android.app.ProgressDialog mProgressDialog -> d
    com.imusik.mp3.downloader.MainActivity$PlayerServiceReceiver mReceiver -> e
    java.text.DecimalFormat decimalFormat -> f
    android.os.Handler mHandler -> g
    java.lang.String currentPlaylist -> h
    java.util.HashMap mMapIdToDownloader -> i
    java.lang.String currentRepeatState -> j
    java.lang.String currentShuffleState -> k
    android.view.View currentRow -> l
    java.lang.String currentPlayingId -> m
    android.view.View currentTab -> n
    int songOffset -> o
    boolean searchByArtist -> p
    android.widget.ListView mlvDownloadedSongs -> q
    com.imusik.mp3.downloader.ZingSongAdapter mZingSongAdapter -> r
    android.view.View$OnClickListener onPlayNewSong -> s
    android.view.View$OnClickListener onDownloadNewSong -> t
    android.view.View$OnClickListener onShowDownloadedSong -> u
    android.view.View$OnClickListener onDeleteSong -> v
    android.view.View$OnClickListener onDeletePlaylist -> w
    android.view.View$OnClickListener onClickRowPlaylist -> x
    com.imusik.mp3.downloader.CustomPopupWindow popupMenu -> y
    android.view.View layoutPopupMenu -> z
    long lastShowPopupMenuTime -> A
    com.imusik.mp3.downloader.ZingSongInfo currentZingInfoInPopupMenu -> B
com.imusik.mp3.downloader.MainActivity$1 -> com.imusik.mp3.downloader.MainActivity$1:
    com.imusik.mp3.downloader.MainActivity this$0 -> a
    671:673:void onClick(android.view.View) -> onClick
com.imusik.mp3.downloader.MainActivity$10 -> com.imusik.mp3.downloader.MainActivity$2:
    com.imusik.mp3.downloader.MainActivity this$0 -> a
    124:125:void run() -> run
com.imusik.mp3.downloader.MainActivity$11 -> com.imusik.mp3.downloader.MainActivity$3:
    com.imusik.mp3.downloader.MainActivity this$0 -> a
    143:185:void run() -> run
    139:139:com.imusik.mp3.downloader.MainActivity access$0(com.imusik.mp3.downloader.MainActivity$11) -> a
com.imusik.mp3.downloader.MainActivity$11$1 -> com.imusik.mp3.downloader.MainActivity$3$1:
    com.imusik.mp3.downloader.MainActivity$11 this$1 -> a
    180:182:void run() -> run
com.imusik.mp3.downloader.MainActivity$12 -> com.imusik.mp3.downloader.MainActivity$4:
    com.imusik.mp3.downloader.MainActivity this$0 -> a
    219:227:void onClick(android.view.View) -> onClick
com.imusik.mp3.downloader.MainActivity$13 -> com.imusik.mp3.downloader.MainActivity$5:
    com.imusik.mp3.downloader.MainActivity this$0 -> a
    236:248:boolean onEditorAction(android.widget.TextView,int,android.view.KeyEvent) -> onEditorAction
com.imusik.mp3.downloader.MainActivity$14 -> com.imusik.mp3.downloader.MainActivity$6:
    com.imusik.mp3.downloader.MainActivity this$0 -> a
    257:282:void onClick(android.view.View) -> onClick
com.imusik.mp3.downloader.MainActivity$15 -> com.imusik.mp3.downloader.MainActivity$7:
    com.imusik.mp3.downloader.MainActivity this$0 -> a
    291:294:void onClick(android.view.View) -> onClick
com.imusik.mp3.downloader.MainActivity$16 -> com.imusik.mp3.downloader.MainActivity$8:
    com.imusik.mp3.downloader.MainActivity this$0 -> a
    304:306:void onClick(android.view.View) -> onClick
...
com.google.android.gms.plus.internal.j -> com.google.android.gms.plus.internal.b:
    com.google.android.gms.plus.internal.h aK(android.os.Parcel) -> a
    com.google.android.gms.plus.internal.h[] bN(int) -> a
    void a(com.google.android.gms.plus.internal.h,android.os.Parcel,int) -> a
    java.lang.Object[] newArray(int) -> newArray
    java.lang.Object createFromParcel(android.os.Parcel) -> createFromParcel
com.google.android.gms.plus.model.moments.ItemScope -> com.google.android.gms.plus.a.a.a:
com.google.android.gms.plus.model.moments.Moment -> com.google.android.gms.plus.a.a.b:
com.google.android.gms.plus.model.people.Person -> com.google.android.gms.plus.a.b.a:
com.google.android.gms.plus.model.people.Person$AgeRange -> com.google.android.gms.plus.a.b.a$a:
com.google.android.gms.plus.model.people.Person$Cover -> com.google.android.gms.plus.a.b.a$b:
com.google.android.gms.plus.model.people.Person$Cover$CoverInfo -> com.google.android.gms.plus.a.b.a$b$a:
com.google.android.gms.plus.model.people.Person$Cover$CoverPhoto -> com.google.android.gms.plus.a.b.a$b$b:
com.google.android.gms.plus.model.people.Person$Image -> com.google.android.gms.plus.a.b.a$c:
com.google.android.gms.plus.model.people.Person$Name -> com.google.android.gms.plus.a.b.a$d:
com.google.android.gms.plus.model.people.Person$Organizations -> com.google.android.gms.plus.a.b.a$e:
com.google.android.gms.plus.model.people.Person$PlacesLived -> com.google.android.gms.plus.a.b.a$f:
com.google.android.gms.plus.model.people.Person$Urls -> com.google.android.gms.plus.a.b.a$g:
com.google.android.gms.wallet.Address -> com.google.android.gms.wallet.Address:
    android.os.Parcelable$Creator CREATOR -> CREATOR
    int xH -> l
    java.lang.String name -> a
    java.lang.String NB -> b
    java.lang.String NC -> c
    java.lang.String ND -> d
    java.lang.String qd -> e
    java.lang.String aba -> f
    java.lang.String abb -> g
    java.lang.String NI -> h
    java.lang.String NK -> i
    boolean NL -> j
    java.lang.String NM -> k
    int getVersionCode() -> a
    int describeContents() -> describeContents
    void writeToParcel(android.os.Parcel,int) -> writeToParcel
com.google.android.gms.wallet.Cart -> com.google.android.gms.wallet.Cart:
    android.os.Parcelable$Creator CREATOR -> CREATOR
    int xH -> d
    java.lang.String abc -> a
    java.lang.String abd -> b
    java.util.ArrayList abe -> c
    int getVersionCode() -> a
    int describeContents() -> describeContents
    void writeToParcel(android.os.Parcel,int) -> writeToParcel
com.google.android.gms.wallet.CountrySpecification -> com.google.android.gms.wallet.CountrySpecification:
    android.os.Parcelable$Creator CREATOR -> CREATOR
    int xH -> b
    java.lang.String qd -> a
    int getVersionCode() -> a
    int describeContents() -> describeContents
    void writeToParcel(android.os.Parcel,int) -> writeToParcel
com.google.android.gms.wallet.FullWallet -> com.google.android.gms.wallet.FullWallet:
    android.os.Parcelable$Creator CREATOR -> CREATOR
    int xH -> k
    java.lang.String abh -> a
    java.lang.String abi -> b
    com.google.android.gms.wallet.ProxyCard abj -> c
    java.lang.String abk -> d
    com.google.android.gms.wallet.Address abl -> e
    com.google.android.gms.wallet.Address abm -> f
    java.lang.String[] abn -> g
    com.google.android.gms.identity.intents.model.UserAddress abo -> h
    com.google.android.gms.identity.intents.model.UserAddress abp -> i
    com.google.android.gms.wallet.InstrumentInfo[] abq -> j
    int getVersionCode() -> a
    int describeContents() -> describeContents
    void writeToParcel(android.os.Parcel,int) -> writeToParcel