ZingMp3Downloader/proguard/usage.txt
com.imusik.mp3.downloader.BuildConfig
com.imusik.mp3.downloader.CustomPopupWindow:
    android.widget.PopupWindow mPopup
com.imusik.mp3.downloader.MCrypt
com.imusik.mp3.downloader.MainActivity:
    java.lang.String configString
    public static final java.lang.String PLAYLIST_ACTION_ADD_SONG
    public static final java.lang.String PLAYLIST_ACTION_OPEN_LIST
    boolean isShowingSoftKeyboard
    public static final java.lang.String REPEAT_NO
    public static final java.lang.String REPEAT_ONE
    public static final java.lang.String REPEAT_ALL
    public static final java.lang.String SHUFFLE_NO
    public static final java.lang.String SHUFFLE_YES
com.imusik.mp3.downloader.Manifest
com.imusik.mp3.downloader.Manifest$permission
com.imusik.mp3.downloader.NameSpace
com.imusik.mp3.downloader.PlayerService:
    public static final java.lang.String ACTION_PLAYERSERVICE
    public static final java.lang.String EXTRA_NAME
    public static final java.lang.String EXTRA_ARTIST
    public static final java.lang.String EXTRA_ID
    public static final java.lang.String EXTRA_DOWNLOADLINK
    public static final java.lang.String EXTRA_SEEK_TO
    public static final java.lang.String EXTRA_COUNTDOWN_VALUE
    public static final java.lang.String EXTRA_PROCESS_PERCENT
    public static final java.lang.String EXTRA_REPEAT_ONE
    public static final java.lang.String EXTRA_COMMAND
    public static final java.lang.String EXTRA_BROADCAST
    public static final java.lang.String BROADCAST_COMPLETE_SONG
    public static final java.lang.String BROADCAST_UPDATE_PROGRESS_MAIN
    public static final java.lang.String BROADCAST_UPDATE_PROGRESS_SECOND
    public static final java.lang.String BROADCAST_NOWPLAYING_START
    public static final java.lang.String BROADCAST_NOWPLAYING_STOP
    public static final java.lang.String BROADCAST_COUNTDOWN_TIME_LEFT
    public static final java.lang.String BROADCAST_COUNTDOWN_TIME_OUT
    public static final java.lang.String COMMAND_PLAY_NEW
    public static final java.lang.String COMMAND_NOWPLAYING
    public static final java.lang.String COMMAND_STOP_SERVICE
    public static final java.lang.String COMMAND_SEEK_TO
    public static final java.lang.String COMMAND_COUNTDOWN_TIME
    public static final int NOTIFY_ID
com.imusik.mp3.downloader.R
com.imusik.mp3.downloader.R$anim
com.imusik.mp3.downloader.R$attr
com.imusik.mp3.downloader.R$bool
com.imusik.mp3.downloader.R$color
com.imusik.mp3.downloader.R$dimen
com.imusik.mp3.downloader.R$drawable
com.imusik.mp3.downloader.R$id
com.imusik.mp3.downloader.R$integer
com.imusik.mp3.downloader.R$layout
com.imusik.mp3.downloader.R$menu
com.imusik.mp3.downloader.R$string
com.imusik.mp3.downloader.R$style
com.imusik.mp3.downloader.R$styleable
com.imusik.mp3.downloader.Tools:
    8:8:Tools()
    11:19:public static boolean checkAppInstalled(android.content.Context,java.lang.String)
    27:49:public java.lang.String milliSecondsToTimer(long)
    59:68:public int getProgressPercentage(long,long)
    80:85:public int progressToTimer(int,int)
com.imusik.mp3.downloader.ZingMp3Tools:
    18:18:public ZingMp3Tools()
    247:251:public static boolean checkSongExistInPlaylist(android.content.Context,java.lang.String,java.lang.String)
com.imusik.mp3.downloader.ZingSongInfo:
    public static final java.lang.String NAME
    public static final java.lang.String ARTIST
    public static final java.lang.String VIEW
    public static final java.lang.String ID
    46:47:public void setDownloadLink(java.lang.String)
...
android.support.v4.app.NotificationManagerCompat$Impl
android.support.v4.app.NotificationManagerCompat$ImplBase
android.support.v4.app.NotificationManagerCompat$ImplEclair
android.support.v4.app.NotificationManagerCompat$ImplIceCreamSandwich
android.support.v4.app.NotificationManagerCompat$NotifyTask
android.support.v4.app.NotificationManagerCompat$ServiceConnectedEvent
android.support.v4.app.NotificationManagerCompat$SideChannelManager
android.support.v4.app.NotificationManagerCompat$SideChannelManager$ListenerRecord
android.support.v4.app.NotificationManagerCompat$Task
android.support.v4.app.NotificationManagerCompatEclair
android.support.v4.app.NotificationManagerCompatIceCreamSandwich
android.support.v4.app.RemoteInput:
    private static final java.lang.String TAG
    public static final java.lang.String RESULTS_CLIP_LABEL
    public static final java.lang.String EXTRA_RESULTS_DATA
    44:50:RemoteInput(java.lang.String,java.lang.CharSequence,java.lang.CharSequence[],boolean,android.os.Bundle)
    188:188:public static android.os.Bundle getResultsFromIntent(android.content.Intent)
    204:205:public static void addResultsToIntent(android.support.v4.app.RemoteInput[],android.content.Intent,android.os.Bundle)
android.support.v4.app.RemoteInput$1:
    268:268:public android.support.v4.app.RemoteInput build(java.lang.String,java.lang.CharSequence,java.lang.CharSequence[],boolean,android.os.Bundle)
    273:273:public android.support.v4.app.RemoteInput[] newArray(int)
    263:263:public bridge synthetic android.support.v4.app.RemoteInputCompatBase$RemoteInput[] newArray(int)
    263:263:public bridge synthetic android.support.v4.app.RemoteInputCompatBase$RemoteInput build(java.lang.String,java.lang.CharSequence,java.lang.CharSequence[],boolean,android.os.Bundle)
android.support.v4.app.RemoteInput$Builder
android.support.v4.app.RemoteInput$Impl:
    public abstract android.os.Bundle getResultsFromIntent(android.content.Intent)
    public abstract void addResultsToIntent(android.support.v4.app.RemoteInput[],android.content.Intent,android.os.Bundle)
android.support.v4.app.RemoteInput$ImplApi20:
    243:243:public android.os.Bundle getResultsFromIntent(android.content.Intent)
    248:249:public void addResultsToIntent(android.support.v4.app.RemoteInput[],android.content.Intent,android.os.Bundle)
android.support.v4.app.RemoteInput$ImplBase:
    218:219:public android.os.Bundle getResultsFromIntent(android.content.Intent)
    224:225:public void addResultsToIntent(android.support.v4.app.RemoteInput[],android.content.Intent,android.os.Bundle)
android.support.v4.app.RemoteInput$ImplJellybean:
    231:231:public android.os.Bundle getResultsFromIntent(android.content.Intent)
    236:237:public void addResultsToIntent(android.support.v4.app.RemoteInput[],android.content.Intent,android.os.Bundle)
android.support.v4.app.RemoteInputCompatApi20:
    23:23:RemoteInputCompatApi20()
    26:35:static android.support.v4.app.RemoteInputCompatBase$RemoteInput[] toCompat(android.app.RemoteInput[],android.support.v4.app.RemoteInputCompatBase$RemoteInput$Factory)
    56:56:static android.os.Bundle getResultsFromIntent(android.content.Intent)
    61:62:static void addResultsToIntent(android.support.v4.app.RemoteInputCompatBase$RemoteInput[],android.content.Intent,android.os.Bundle)
android.support.v4.app.RemoteInputCompatBase:
    21:23:RemoteInputCompatBase()
android.support.v4.app.RemoteInputCompatBase$RemoteInput:
    23:30:public RemoteInputCompatBase$RemoteInput()
android.support.v4.app.RemoteInputCompatBase$RemoteInput$Factory:
    public abstract android.support.v4.app.RemoteInputCompatBase$RemoteInput build(java.lang.String,java.lang.CharSequence,java.lang.CharSequence[],boolean,android.os.Bundle)
    public abstract android.support.v4.app.RemoteInputCompatBase$RemoteInput[] newArray(int)